{"/home/ubuntu/Desktop/all-mern-stack/swaggerMernEcommerce/backend/forEach.js": {"path":"/home/ubuntu/Desktop/all-mern-stack/swaggerMernEcommerce/backend/forEach.js","all":false,"statementMap":{"0":{"start":{"line":1,"column":0},"end":{"line":1,"column":50}},"1":{"start":{"line":2,"column":0},"end":{"line":2,"column":0}},"2":{"start":{"line":3,"column":0},"end":{"line":3,"column":56}},"3":{"start":{"line":4,"column":0},"end":{"line":4,"column":29}},"4":{"start":{"line":5,"column":0},"end":{"line":5,"column":5}},"5":{"start":{"line":6,"column":0},"end":{"line":6,"column":3}},"6":{"start":{"line":7,"column":0},"end":{"line":7,"column":0}},"7":{"start":{"line":8,"column":0},"end":{"line":8,"column":24}}},"s":{"0":1,"1":1,"2":1,"3":2,"4":2,"5":1,"6":1,"7":1},"branchMap":{"0":{"type":"branch","line":1,"loc":{"start":{"line":1,"column":15},"end":{"line":6,"column":3}},"locations":[{"start":{"line":1,"column":15},"end":{"line":6,"column":3}}]},"1":{"type":"branch","line":3,"loc":{"start":{"line":3,"column":55},"end":{"line":5,"column":5}},"locations":[{"start":{"line":3,"column":55},"end":{"line":5,"column":5}}]}},"b":{"0":[1],"1":[2]},"fnMap":{"0":{"name":"forEach","decl":{"start":{"line":1,"column":15},"end":{"line":6,"column":3}},"loc":{"start":{"line":1,"column":15},"end":{"line":6,"column":3}},"line":1}},"f":{"0":1}}
,"/home/ubuntu/Desktop/all-mern-stack/swaggerMernEcommerce/backend/controllers/auth.js": {"path":"/home/ubuntu/Desktop/all-mern-stack/swaggerMernEcommerce/backend/controllers/auth.js","all":false,"statementMap":{"0":{"start":{"line":1,"column":0},"end":{"line":1,"column":37}},"1":{"start":{"line":2,"column":0},"end":{"line":2,"column":67}},"2":{"start":{"line":3,"column":0},"end":{"line":3,"column":30}},"3":{"start":{"line":4,"column":0},"end":{"line":4,"column":31}},"4":{"start":{"line":5,"column":0},"end":{"line":5,"column":28}},"5":{"start":{"line":6,"column":0},"end":{"line":6,"column":49}},"6":{"start":{"line":7,"column":0},"end":{"line":7,"column":0}},"7":{"start":{"line":8,"column":0},"end":{"line":8,"column":0}},"8":{"start":{"line":9,"column":0},"end":{"line":9,"column":16}},"9":{"start":{"line":10,"column":0},"end":{"line":10,"column":0}},"10":{"start":{"line":11,"column":0},"end":{"line":11,"column":0}},"11":{"start":{"line":12,"column":0},"end":{"line":12,"column":0}},"12":{"start":{"line":13,"column":0},"end":{"line":13,"column":45}},"13":{"start":{"line":14,"column":0},"end":{"line":14,"column":7}},"14":{"start":{"line":15,"column":0},"end":{"line":15,"column":57}},"15":{"start":{"line":16,"column":0},"end":{"line":16,"column":47}},"16":{"start":{"line":17,"column":0},"end":{"line":17,"column":39}},"17":{"start":{"line":18,"column":0},"end":{"line":18,"column":24}},"18":{"start":{"line":19,"column":0},"end":{"line":19,"column":53}},"19":{"start":{"line":20,"column":0},"end":{"line":20,"column":5}},"20":{"start":{"line":21,"column":0},"end":{"line":21,"column":17}},"21":{"start":{"line":22,"column":0},"end":{"line":22,"column":51}},"22":{"start":{"line":23,"column":0},"end":{"line":23,"column":5}},"23":{"start":{"line":24,"column":0},"end":{"line":24,"column":43}},"24":{"start":{"line":25,"column":0},"end":{"line":25,"column":80}},"25":{"start":{"line":26,"column":0},"end":{"line":26,"column":5}},"26":{"start":{"line":27,"column":0},"end":{"line":27,"column":33}},"27":{"start":{"line":28,"column":0},"end":{"line":28,"column":55}},"28":{"start":{"line":29,"column":0},"end":{"line":29,"column":23}},"29":{"start":{"line":30,"column":0},"end":{"line":30,"column":51}},"30":{"start":{"line":31,"column":0},"end":{"line":31,"column":5}},"31":{"start":{"line":32,"column":0},"end":{"line":32,"column":23}},"32":{"start":{"line":33,"column":0},"end":{"line":33,"column":56}},"33":{"start":{"line":34,"column":0},"end":{"line":34,"column":23}},"34":{"start":{"line":35,"column":0},"end":{"line":35,"column":33}},"35":{"start":{"line":36,"column":0},"end":{"line":36,"column":11}},"36":{"start":{"line":37,"column":0},"end":{"line":37,"column":12}},"37":{"start":{"line":38,"column":0},"end":{"line":38,"column":31}},"38":{"start":{"line":39,"column":0},"end":{"line":39,"column":14}},"39":{"start":{"line":40,"column":0},"end":{"line":40,"column":27}},"40":{"start":{"line":41,"column":0},"end":{"line":41,"column":71}},"41":{"start":{"line":42,"column":0},"end":{"line":42,"column":22}},"42":{"start":{"line":43,"column":0},"end":{"line":43,"column":7}},"43":{"start":{"line":44,"column":0},"end":{"line":44,"column":23}},"44":{"start":{"line":45,"column":0},"end":{"line":45,"column":26}},"45":{"start":{"line":46,"column":0},"end":{"line":46,"column":13}},"46":{"start":{"line":47,"column":0},"end":{"line":47,"column":25}},"47":{"start":{"line":48,"column":0},"end":{"line":48,"column":27}},"48":{"start":{"line":49,"column":0},"end":{"line":49,"column":25}},"49":{"start":{"line":50,"column":0},"end":{"line":50,"column":31}},"50":{"start":{"line":51,"column":0},"end":{"line":51,"column":8}},"51":{"start":{"line":52,"column":0},"end":{"line":52,"column":12}},"52":{"start":{"line":53,"column":0},"end":{"line":53,"column":7}},"53":{"start":{"line":54,"column":0},"end":{"line":54,"column":17}},"54":{"start":{"line":55,"column":0},"end":{"line":55,"column":21}},"55":{"start":{"line":56,"column":0},"end":{"line":56,"column":3}},"56":{"start":{"line":57,"column":0},"end":{"line":57,"column":2}},"57":{"start":{"line":58,"column":0},"end":{"line":58,"column":0}},"58":{"start":{"line":59,"column":0},"end":{"line":59,"column":42}},"59":{"start":{"line":60,"column":0},"end":{"line":60,"column":7}},"60":{"start":{"line":61,"column":0},"end":{"line":61,"column":57}},"61":{"start":{"line":62,"column":0},"end":{"line":62,"column":41}},"62":{"start":{"line":63,"column":0},"end":{"line":63,"column":39}},"63":{"start":{"line":64,"column":0},"end":{"line":64,"column":17}},"64":{"start":{"line":65,"column":0},"end":{"line":65,"column":51}},"65":{"start":{"line":66,"column":0},"end":{"line":66,"column":5}},"66":{"start":{"line":67,"column":0},"end":{"line":67,"column":43}},"67":{"start":{"line":68,"column":0},"end":{"line":68,"column":80}},"68":{"start":{"line":69,"column":0},"end":{"line":69,"column":5}},"69":{"start":{"line":70,"column":0},"end":{"line":70,"column":33}},"70":{"start":{"line":71,"column":0},"end":{"line":71,"column":47}},"71":{"start":{"line":72,"column":0},"end":{"line":72,"column":16}},"72":{"start":{"line":73,"column":0},"end":{"line":73,"column":51}},"73":{"start":{"line":74,"column":0},"end":{"line":74,"column":5}},"74":{"start":{"line":75,"column":0},"end":{"line":75,"column":26}},"75":{"start":{"line":76,"column":0},"end":{"line":76,"column":65}},"76":{"start":{"line":77,"column":0},"end":{"line":77,"column":17}},"77":{"start":{"line":78,"column":0},"end":{"line":78,"column":51}},"78":{"start":{"line":79,"column":0},"end":{"line":79,"column":5}},"79":{"start":{"line":80,"column":0},"end":{"line":80,"column":27}},"80":{"start":{"line":81,"column":0},"end":{"line":81,"column":71}},"81":{"start":{"line":82,"column":0},"end":{"line":82,"column":22}},"82":{"start":{"line":83,"column":0},"end":{"line":83,"column":7}},"83":{"start":{"line":84,"column":0},"end":{"line":84,"column":23}},"84":{"start":{"line":85,"column":0},"end":{"line":85,"column":14}},"85":{"start":{"line":86,"column":0},"end":{"line":86,"column":13}},"86":{"start":{"line":87,"column":0},"end":{"line":87,"column":24}},"87":{"start":{"line":88,"column":0},"end":{"line":88,"column":26}},"88":{"start":{"line":89,"column":0},"end":{"line":89,"column":24}},"89":{"start":{"line":90,"column":0},"end":{"line":90,"column":30}},"90":{"start":{"line":91,"column":0},"end":{"line":91,"column":8}},"91":{"start":{"line":92,"column":0},"end":{"line":92,"column":12}},"92":{"start":{"line":93,"column":0},"end":{"line":93,"column":7}},"93":{"start":{"line":94,"column":0},"end":{"line":94,"column":17}},"94":{"start":{"line":95,"column":0},"end":{"line":95,"column":21}},"95":{"start":{"line":96,"column":0},"end":{"line":96,"column":3}},"96":{"start":{"line":97,"column":0},"end":{"line":97,"column":2}},"97":{"start":{"line":98,"column":0},"end":{"line":98,"column":0}},"98":{"start":{"line":99,"column":0},"end":{"line":99,"column":43}},"99":{"start":{"line":100,"column":0},"end":{"line":100,"column":38}},"100":{"start":{"line":101,"column":0},"end":{"line":101,"column":2}},"101":{"start":{"line":102,"column":0},"end":{"line":102,"column":0}},"102":{"start":{"line":103,"column":0},"end":{"line":103,"column":50}},"103":{"start":{"line":104,"column":0},"end":{"line":104,"column":7}},"104":{"start":{"line":105,"column":0},"end":{"line":105,"column":49}},"105":{"start":{"line":106,"column":0},"end":{"line":106,"column":51}},"106":{"start":{"line":107,"column":0},"end":{"line":107,"column":28}},"107":{"start":{"line":108,"column":0},"end":{"line":108,"column":42}},"108":{"start":{"line":109,"column":0},"end":{"line":109,"column":23}},"109":{"start":{"line":110,"column":0},"end":{"line":110,"column":74}},"110":{"start":{"line":111,"column":0},"end":{"line":111,"column":9}},"111":{"start":{"line":112,"column":0},"end":{"line":112,"column":5}},"112":{"start":{"line":113,"column":0},"end":{"line":113,"column":24}},"113":{"start":{"line":114,"column":0},"end":{"line":114,"column":79}},"114":{"start":{"line":115,"column":0},"end":{"line":115,"column":0}},"115":{"start":{"line":116,"column":0},"end":{"line":116,"column":49}},"116":{"start":{"line":117,"column":0},"end":{"line":117,"column":19}},"117":{"start":{"line":118,"column":0},"end":{"line":118,"column":7}},"118":{"start":{"line":119,"column":0},"end":{"line":119,"column":32}},"119":{"start":{"line":120,"column":0},"end":{"line":120,"column":50}},"120":{"start":{"line":121,"column":0},"end":{"line":121,"column":41}},"121":{"start":{"line":122,"column":0},"end":{"line":122,"column":8}},"122":{"start":{"line":123,"column":0},"end":{"line":123,"column":19}},"123":{"start":{"line":124,"column":0},"end":{"line":124,"column":6}},"124":{"start":{"line":125,"column":0},"end":{"line":125,"column":0}},"125":{"start":{"line":126,"column":0},"end":{"line":126,"column":33}},"126":{"start":{"line":127,"column":0},"end":{"line":127,"column":22}},"127":{"start":{"line":128,"column":0},"end":{"line":128,"column":17}},"128":{"start":{"line":129,"column":0},"end":{"line":129,"column":21}},"129":{"start":{"line":130,"column":0},"end":{"line":130,"column":3}},"130":{"start":{"line":131,"column":0},"end":{"line":131,"column":2}},"131":{"start":{"line":132,"column":0},"end":{"line":132,"column":0}},"132":{"start":{"line":133,"column":0},"end":{"line":133,"column":49}},"133":{"start":{"line":134,"column":0},"end":{"line":134,"column":10}},"134":{"start":{"line":135,"column":0},"end":{"line":135,"column":63}},"135":{"start":{"line":136,"column":0},"end":{"line":136,"column":40}},"136":{"start":{"line":137,"column":0},"end":{"line":137,"column":36}},"137":{"start":{"line":138,"column":0},"end":{"line":138,"column":24}},"138":{"start":{"line":139,"column":0},"end":{"line":139,"column":20}},"139":{"start":{"line":140,"column":0},"end":{"line":140,"column":24}},"140":{"start":{"line":141,"column":0},"end":{"line":141,"column":6}},"141":{"start":{"line":142,"column":0},"end":{"line":142,"column":5}},"142":{"start":{"line":143,"column":0},"end":{"line":143,"column":0}},"143":{"start":{"line":144,"column":0},"end":{"line":144,"column":49}},"144":{"start":{"line":145,"column":0},"end":{"line":145,"column":10}},"145":{"start":{"line":146,"column":0},"end":{"line":146,"column":42}},"146":{"start":{"line":147,"column":0},"end":{"line":147,"column":40}},"147":{"start":{"line":148,"column":0},"end":{"line":148,"column":35}},"148":{"start":{"line":149,"column":0},"end":{"line":149,"column":36}},"149":{"start":{"line":150,"column":0},"end":{"line":150,"column":24}},"150":{"start":{"line":151,"column":0},"end":{"line":151,"column":20}},"151":{"start":{"line":152,"column":0},"end":{"line":152,"column":24}},"152":{"start":{"line":153,"column":0},"end":{"line":153,"column":6}},"153":{"start":{"line":154,"column":0},"end":{"line":154,"column":5}}},"s":{"0":1,"1":1,"2":1,"3":1,"4":1,"5":1,"6":1,"7":1,"8":1,"9":1,"10":1,"11":1,"12":1,"13":1,"14":1,"15":1,"16":1,"17":1,"18":0,"19":1,"20":1,"21":0,"22":1,"23":1,"24":0,"25":1,"26":1,"27":1,"28":0,"29":0,"30":0,"31":0,"32":0,"33":0,"34":0,"35":0,"36":0,"37":0,"38":0,"39":0,"40":0,"41":0,"42":0,"43":0,"44":0,"45":0,"46":0,"47":0,"48":0,"49":0,"50":0,"51":0,"52":0,"53":1,"54":1,"55":1,"56":1,"57":1,"58":1,"59":0,"60":0,"61":0,"62":0,"63":0,"64":0,"65":0,"66":0,"67":0,"68":0,"69":0,"70":0,"71":0,"72":0,"73":0,"74":0,"75":0,"76":0,"77":0,"78":0,"79":0,"80":0,"81":0,"82":0,"83":0,"84":0,"85":0,"86":0,"87":0,"88":0,"89":0,"90":0,"91":0,"92":0,"93":0,"94":0,"95":1,"96":1,"97":1,"98":1,"99":0,"100":1,"101":1,"102":1,"103":0,"104":0,"105":0,"106":0,"107":0,"108":0,"109":0,"110":0,"111":0,"112":0,"113":0,"114":0,"115":0,"116":0,"117":0,"118":0,"119":0,"120":0,"121":0,"122":0,"123":0,"124":0,"125":0,"126":0,"127":0,"128":0,"129":1,"130":1,"131":1,"132":1,"133":1,"134":1,"135":1,"136":1,"137":1,"138":1,"139":1,"140":1,"141":1,"142":1,"143":1,"144":1,"145":1,"146":1,"147":1,"148":1,"149":1,"150":1,"151":1,"152":1,"153":1},"branchMap":{"0":{"type":"branch","line":2,"loc":{"start":{"line":2,"column":0},"end":{"line":2,"column":67}},"locations":[{"start":{"line":2,"column":0},"end":{"line":2,"column":67}}]},"1":{"type":"branch","line":2,"loc":{"start":{"line":2,"column":0},"end":{"line":2,"column":67}},"locations":[{"start":{"line":2,"column":0},"end":{"line":2,"column":67}}]},"2":{"type":"branch","line":2,"loc":{"start":{"line":2,"column":0},"end":{"line":2,"column":67}},"locations":[{"start":{"line":2,"column":0},"end":{"line":2,"column":67}}]},"3":{"type":"branch","line":2,"loc":{"start":{"line":2,"column":0},"end":{"line":2,"column":67}},"locations":[{"start":{"line":2,"column":0},"end":{"line":2,"column":67}}]},"4":{"type":"branch","line":2,"loc":{"start":{"line":2,"column":0},"end":{"line":2,"column":67}},"locations":[{"start":{"line":2,"column":0},"end":{"line":2,"column":67}}]},"5":{"type":"branch","line":2,"loc":{"start":{"line":2,"column":0},"end":{"line":2,"column":67}},"locations":[{"start":{"line":2,"column":0},"end":{"line":2,"column":67}}]},"6":{"type":"branch","line":2,"loc":{"start":{"line":2,"column":0},"end":{"line":2,"column":67}},"locations":[{"start":{"line":2,"column":0},"end":{"line":2,"column":67}}]},"7":{"type":"branch","line":2,"loc":{"start":{"line":2,"column":0},"end":{"line":2,"column":67}},"locations":[{"start":{"line":2,"column":0},"end":{"line":2,"column":67}}]},"8":{"type":"branch","line":13,"loc":{"start":{"line":13,"column":21},"end":{"line":13,"column":24}},"locations":[{"start":{"line":13,"column":21},"end":{"line":13,"column":24}}]},"9":{"type":"branch","line":13,"loc":{"start":{"line":13,"column":24},"end":{"line":55,"column":21}},"locations":[{"start":{"line":13,"column":24},"end":{"line":55,"column":21}}]},"10":{"type":"branch","line":13,"loc":{"start":{"line":13,"column":39},"end":{"line":55,"column":21}},"locations":[{"start":{"line":13,"column":39},"end":{"line":55,"column":21}}]},"11":{"type":"branch","line":13,"loc":{"start":{"line":13,"column":39},"end":{"line":55,"column":21}},"locations":[{"start":{"line":13,"column":39},"end":{"line":55,"column":21}}]},"12":{"type":"branch","line":13,"loc":{"start":{"line":13,"column":39},"end":{"line":19,"column":53}},"locations":[{"start":{"line":13,"column":39},"end":{"line":19,"column":53}}]},"13":{"type":"branch","line":18,"loc":{"start":{"line":18,"column":21},"end":{"line":19,"column":53}},"locations":[{"start":{"line":18,"column":21},"end":{"line":19,"column":53}}]},"14":{"type":"branch","line":19,"loc":{"start":{"line":19,"column":52},"end":{"line":22,"column":51}},"locations":[{"start":{"line":19,"column":52},"end":{"line":22,"column":51}}]},"15":{"type":"branch","line":21,"loc":{"start":{"line":21,"column":14},"end":{"line":22,"column":51}},"locations":[{"start":{"line":21,"column":14},"end":{"line":22,"column":51}}]},"16":{"type":"branch","line":22,"loc":{"start":{"line":22,"column":50},"end":{"line":25,"column":80}},"locations":[{"start":{"line":22,"column":50},"end":{"line":25,"column":80}}]},"17":{"type":"branch","line":24,"loc":{"start":{"line":24,"column":40},"end":{"line":25,"column":80}},"locations":[{"start":{"line":24,"column":40},"end":{"line":25,"column":80}}]},"18":{"type":"branch","line":25,"loc":{"start":{"line":25,"column":79},"end":{"line":28,"column":55}},"locations":[{"start":{"line":25,"column":79},"end":{"line":28,"column":55}}]},"19":{"type":"branch","line":28,"loc":{"start":{"line":28,"column":54},"end":{"line":30,"column":51}},"locations":[{"start":{"line":28,"column":54},"end":{"line":30,"column":51}}]},"20":{"type":"branch","line":30,"loc":{"start":{"line":30,"column":50},"end":{"line":33,"column":56}},"locations":[{"start":{"line":30,"column":50},"end":{"line":33,"column":56}}]},"21":{"type":"branch","line":33,"loc":{"start":{"line":33,"column":55},"end":{"line":39,"column":14}},"locations":[{"start":{"line":33,"column":55},"end":{"line":39,"column":14}}]},"22":{"type":"branch","line":39,"loc":{"start":{"line":39,"column":13},"end":{"line":53,"column":7}},"locations":[{"start":{"line":39,"column":13},"end":{"line":53,"column":7}}]},"23":{"type":"branch","line":54,"loc":{"start":{"line":54,"column":-1},"end":{"line":55,"column":21}},"locations":[{"start":{"line":54,"column":-1},"end":{"line":55,"column":21}}]},"24":{"type":"branch","line":59,"loc":{"start":{"line":59,"column":18},"end":{"line":59,"column":21}},"locations":[{"start":{"line":59,"column":18},"end":{"line":59,"column":21}}]},"25":{"type":"branch","line":99,"loc":{"start":{"line":99,"column":19},"end":{"line":99,"column":22}},"locations":[{"start":{"line":99,"column":19},"end":{"line":99,"column":22}}]},"26":{"type":"branch","line":103,"loc":{"start":{"line":103,"column":26},"end":{"line":103,"column":29}},"locations":[{"start":{"line":103,"column":26},"end":{"line":103,"column":29}}]}},"b":{"0":[2],"1":[0],"2":[1],"3":[4],"4":[1],"5":[1],"6":[1],"7":[1],"8":[1],"9":[1],"10":[2],"11":[5],"12":[1],"13":[0],"14":[1],"15":[0],"16":[1],"17":[0],"18":[1],"19":[0],"20":[0],"21":[0],"22":[0],"23":[1],"24":[1],"25":[1],"26":[1]},"fnMap":{"0":{"name":"asyncGeneratorStep","decl":{"start":{"line":2,"column":0},"end":{"line":2,"column":67}},"loc":{"start":{"line":2,"column":0},"end":{"line":2,"column":67}},"line":2},"1":{"name":"_asyncToGenerator","decl":{"start":{"line":2,"column":0},"end":{"line":2,"column":67}},"loc":{"start":{"line":2,"column":0},"end":{"line":2,"column":67}},"line":2},"2":{"name":"_next","decl":{"start":{"line":2,"column":0},"end":{"line":2,"column":67}},"loc":{"start":{"line":2,"column":0},"end":{"line":2,"column":67}},"line":2},"3":{"name":"_throw","decl":{"start":{"line":2,"column":0},"end":{"line":2,"column":67}},"loc":{"start":{"line":2,"column":0},"end":{"line":2,"column":67}},"line":2},"4":{"name":"_callee","decl":{"start":{"line":13,"column":24},"end":{"line":55,"column":21}},"loc":{"start":{"line":13,"column":24},"end":{"line":55,"column":21}},"line":13},"5":{"name":"_callee$","decl":{"start":{"line":13,"column":39},"end":{"line":55,"column":21}},"loc":{"start":{"line":13,"column":39},"end":{"line":55,"column":21}},"line":13},"6":{"name":"_callee2","decl":{"start":{"line":59,"column":21},"end":{"line":95,"column":21}},"loc":{"start":{"line":59,"column":21},"end":{"line":95,"column":21}},"line":59},"7":{"name":"_callee3","decl":{"start":{"line":99,"column":22},"end":{"line":100,"column":38}},"loc":{"start":{"line":99,"column":22},"end":{"line":100,"column":38}},"line":99},"8":{"name":"_callee4","decl":{"start":{"line":103,"column":29},"end":{"line":129,"column":21}},"loc":{"start":{"line":103,"column":29},"end":{"line":129,"column":21}},"line":103}},"f":{"0":2,"1":4,"2":1,"3":1,"4":1,"5":2,"6":0,"7":0,"8":0}}
,"/home/ubuntu/Desktop/all-mern-stack/swaggerMernEcommerce/backend/helpers/auth.js": {"path":"/home/ubuntu/Desktop/all-mern-stack/swaggerMernEcommerce/backend/helpers/auth.js","all":false,"statementMap":{"0":{"start":{"line":1,"column":0},"end":{"line":1,"column":28}},"1":{"start":{"line":2,"column":0},"end":{"line":2,"column":31}},"2":{"start":{"line":3,"column":0},"end":{"line":3,"column":0}},"3":{"start":{"line":4,"column":0},"end":{"line":4,"column":43}},"4":{"start":{"line":5,"column":0},"end":{"line":5,"column":43}},"5":{"start":{"line":6,"column":0},"end":{"line":6,"column":39}},"6":{"start":{"line":7,"column":0},"end":{"line":7,"column":16}},"7":{"start":{"line":8,"column":0},"end":{"line":8,"column":20}},"8":{"start":{"line":9,"column":0},"end":{"line":9,"column":7}},"9":{"start":{"line":10,"column":0},"end":{"line":10,"column":50}},"10":{"start":{"line":11,"column":0},"end":{"line":11,"column":18}},"11":{"start":{"line":12,"column":0},"end":{"line":12,"column":22}},"12":{"start":{"line":13,"column":0},"end":{"line":13,"column":9}},"13":{"start":{"line":14,"column":0},"end":{"line":14,"column":22}},"14":{"start":{"line":15,"column":0},"end":{"line":15,"column":9}},"15":{"start":{"line":16,"column":0},"end":{"line":16,"column":7}},"16":{"start":{"line":17,"column":0},"end":{"line":17,"column":5}},"17":{"start":{"line":18,"column":0},"end":{"line":18,"column":2}},"18":{"start":{"line":19,"column":0},"end":{"line":19,"column":0}},"19":{"start":{"line":20,"column":0},"end":{"line":20,"column":54}},"20":{"start":{"line":21,"column":0},"end":{"line":21,"column":42}},"21":{"start":{"line":22,"column":0},"end":{"line":22,"column":2}},"22":{"start":{"line":23,"column":0},"end":{"line":23,"column":0}},"23":{"start":{"line":24,"column":0},"end":{"line":24,"column":58}},"24":{"start":{"line":25,"column":0},"end":{"line":25,"column":51}},"25":{"start":{"line":26,"column":0},"end":{"line":26,"column":44}},"26":{"start":{"line":27,"column":0},"end":{"line":27,"column":5}},"27":{"start":{"line":28,"column":0},"end":{"line":28,"column":1}}},"s":{"0":1,"1":0,"2":1,"3":1,"4":0,"5":0,"6":0,"7":0,"8":0,"9":0,"10":0,"11":0,"12":0,"13":0,"14":0,"15":0,"16":0,"17":0,"18":1,"19":1,"20":0,"21":0,"22":1,"23":1,"24":0,"25":0,"26":0,"27":1},"branchMap":{"0":{"type":"branch","line":2,"loc":{"start":{"line":2,"column":0},"end":{"line":2,"column":31}},"locations":[{"start":{"line":2,"column":0},"end":{"line":2,"column":31}}]},"1":{"type":"branch","line":2,"loc":{"start":{"line":2,"column":0},"end":{"line":2,"column":31}},"locations":[{"start":{"line":2,"column":0},"end":{"line":2,"column":31}}]},"2":{"type":"branch","line":2,"loc":{"start":{"line":2,"column":0},"end":{"line":2,"column":31}},"locations":[{"start":{"line":2,"column":0},"end":{"line":2,"column":31}}]},"3":{"type":"branch","line":2,"loc":{"start":{"line":2,"column":0},"end":{"line":2,"column":31}},"locations":[{"start":{"line":2,"column":0},"end":{"line":2,"column":31}}]},"4":{"type":"branch","line":2,"loc":{"start":{"line":2,"column":0},"end":{"line":2,"column":31}},"locations":[{"start":{"line":2,"column":0},"end":{"line":2,"column":31}}]},"5":{"type":"branch","line":2,"loc":{"start":{"line":2,"column":0},"end":{"line":2,"column":31}},"locations":[{"start":{"line":2,"column":0},"end":{"line":2,"column":31}}]},"6":{"type":"branch","line":2,"loc":{"start":{"line":2,"column":0},"end":{"line":2,"column":31}},"locations":[{"start":{"line":2,"column":0},"end":{"line":2,"column":31}}]},"7":{"type":"branch","line":2,"loc":{"start":{"line":2,"column":0},"end":{"line":2,"column":31}},"locations":[{"start":{"line":2,"column":0},"end":{"line":2,"column":31}}]},"8":{"type":"branch","line":2,"loc":{"start":{"line":2,"column":0},"end":{"line":2,"column":31}},"locations":[{"start":{"line":2,"column":0},"end":{"line":2,"column":31}}]},"9":{"type":"branch","line":2,"loc":{"start":{"line":2,"column":0},"end":{"line":2,"column":31}},"locations":[{"start":{"line":2,"column":0},"end":{"line":2,"column":31}}]},"10":{"type":"branch","line":2,"loc":{"start":{"line":2,"column":0},"end":{"line":2,"column":31}},"locations":[{"start":{"line":2,"column":0},"end":{"line":2,"column":31}}]},"11":{"type":"branch","line":2,"loc":{"start":{"line":2,"column":0},"end":{"line":2,"column":31}},"locations":[{"start":{"line":2,"column":0},"end":{"line":2,"column":31}}]},"12":{"type":"branch","line":2,"loc":{"start":{"line":2,"column":0},"end":{"line":2,"column":31}},"locations":[{"start":{"line":2,"column":0},"end":{"line":2,"column":31}}]},"13":{"type":"branch","line":2,"loc":{"start":{"line":2,"column":0},"end":{"line":2,"column":31}},"locations":[{"start":{"line":2,"column":0},"end":{"line":2,"column":31}}]},"14":{"type":"branch","line":2,"loc":{"start":{"line":2,"column":0},"end":{"line":2,"column":31}},"locations":[{"start":{"line":2,"column":0},"end":{"line":2,"column":31}}]},"15":{"type":"branch","line":2,"loc":{"start":{"line":2,"column":0},"end":{"line":2,"column":31}},"locations":[{"start":{"line":2,"column":0},"end":{"line":2,"column":31}}]},"16":{"type":"branch","line":24,"loc":{"start":{"line":24,"column":24},"end":{"line":24,"column":53}},"locations":[{"start":{"line":24,"column":24},"end":{"line":24,"column":53}}]}},"b":{"0":[0],"1":[0],"2":[0],"3":[0],"4":[0],"5":[0],"6":[13],"7":[2],"8":[6],"9":[1],"10":[0],"11":[0],"12":[0],"13":[1],"14":[0],"15":[1],"16":[1]},"fnMap":{"0":{"name":"_regeneratorRuntime","decl":{"start":{"line":2,"column":0},"end":{"line":2,"column":31}},"loc":{"start":{"line":2,"column":0},"end":{"line":2,"column":31}},"line":2},"1":{"name":"o","decl":{"start":{"line":2,"column":0},"end":{"line":2,"column":31}},"loc":{"start":{"line":2,"column":0},"end":{"line":2,"column":31}},"line":2},"2":{"name":"define","decl":{"start":{"line":2,"column":0},"end":{"line":2,"column":31}},"loc":{"start":{"line":2,"column":0},"end":{"line":2,"column":31}},"line":2},"3":{"name":"define","decl":{"start":{"line":2,"column":0},"end":{"line":2,"column":31}},"loc":{"start":{"line":2,"column":0},"end":{"line":2,"column":31}},"line":2},"4":{"name":"wrap","decl":{"start":{"line":2,"column":0},"end":{"line":2,"column":31}},"loc":{"start":{"line":2,"column":0},"end":{"line":2,"column":31}},"line":2},"5":{"name":"tryCatch","decl":{"start":{"line":2,"column":0},"end":{"line":2,"column":31}},"loc":{"start":{"line":2,"column":0},"end":{"line":2,"column":31}},"line":2},"6":{"name":"Generator","decl":{"start":{"line":2,"column":0},"end":{"line":2,"column":31}},"loc":{"start":{"line":2,"column":0},"end":{"line":2,"column":31}},"line":2},"7":{"name":"GeneratorFunction","decl":{"start":{"line":2,"column":0},"end":{"line":2,"column":31}},"loc":{"start":{"line":2,"column":0},"end":{"line":2,"column":31}},"line":2},"8":{"name":"GeneratorFunctionPrototype","decl":{"start":{"line":2,"column":0},"end":{"line":2,"column":31}},"loc":{"start":{"line":2,"column":0},"end":{"line":2,"column":31}},"line":2},"9":{"name":"defineIteratorMethods","decl":{"start":{"line":2,"column":0},"end":{"line":2,"column":31}},"loc":{"start":{"line":2,"column":0},"end":{"line":2,"column":31}},"line":2},"10":{"name":"AsyncIterator","decl":{"start":{"line":2,"column":0},"end":{"line":2,"column":31}},"loc":{"start":{"line":2,"column":0},"end":{"line":2,"column":31}},"line":2},"11":{"name":"makeInvokeMethod","decl":{"start":{"line":2,"column":0},"end":{"line":2,"column":31}},"loc":{"start":{"line":2,"column":0},"end":{"line":2,"column":31}},"line":2},"12":{"name":"maybeInvokeDelegate","decl":{"start":{"line":2,"column":0},"end":{"line":2,"column":31}},"loc":{"start":{"line":2,"column":0},"end":{"line":2,"column":31}},"line":2},"13":{"name":"pushTryEntry","decl":{"start":{"line":2,"column":0},"end":{"line":2,"column":31}},"loc":{"start":{"line":2,"column":0},"end":{"line":2,"column":31}},"line":2},"14":{"name":"resetTryEntry","decl":{"start":{"line":2,"column":0},"end":{"line":2,"column":31}},"loc":{"start":{"line":2,"column":0},"end":{"line":2,"column":31}},"line":2},"15":{"name":"Context","decl":{"start":{"line":2,"column":0},"end":{"line":2,"column":31}},"loc":{"start":{"line":2,"column":0},"end":{"line":2,"column":31}},"line":2},"16":{"name":"values","decl":{"start":{"line":2,"column":0},"end":{"line":2,"column":31}},"loc":{"start":{"line":2,"column":0},"end":{"line":2,"column":31}},"line":2},"17":{"name":"next","decl":{"start":{"line":2,"column":0},"end":{"line":2,"column":31}},"loc":{"start":{"line":2,"column":0},"end":{"line":2,"column":31}},"line":2},"18":{"name":"e.isGeneratorFunction","decl":{"start":{"line":2,"column":0},"end":{"line":2,"column":31}},"loc":{"start":{"line":2,"column":0},"end":{"line":2,"column":31}},"line":2},"19":{"name":"e.mark","decl":{"start":{"line":2,"column":0},"end":{"line":2,"column":31}},"loc":{"start":{"line":2,"column":0},"end":{"line":2,"column":31}},"line":2},"20":{"name":"e.awrap","decl":{"start":{"line":2,"column":0},"end":{"line":2,"column":31}},"loc":{"start":{"line":2,"column":0},"end":{"line":2,"column":31}},"line":2},"21":{"name":"e.async","decl":{"start":{"line":2,"column":0},"end":{"line":2,"column":31}},"loc":{"start":{"line":2,"column":0},"end":{"line":2,"column":31}},"line":2},"22":{"name":"e.keys","decl":{"start":{"line":2,"column":0},"end":{"line":2,"column":31}},"loc":{"start":{"line":2,"column":0},"end":{"line":2,"column":31}},"line":2},"23":{"name":"reset","decl":{"start":{"line":2,"column":0},"end":{"line":2,"column":31}},"loc":{"start":{"line":2,"column":0},"end":{"line":2,"column":31}},"line":2},"24":{"name":"stop","decl":{"start":{"line":2,"column":0},"end":{"line":2,"column":31}},"loc":{"start":{"line":2,"column":0},"end":{"line":2,"column":31}},"line":2},"25":{"name":"dispatchException","decl":{"start":{"line":2,"column":0},"end":{"line":2,"column":31}},"loc":{"start":{"line":2,"column":0},"end":{"line":2,"column":31}},"line":2},"26":{"name":"abrupt","decl":{"start":{"line":2,"column":0},"end":{"line":2,"column":31}},"loc":{"start":{"line":2,"column":0},"end":{"line":2,"column":31}},"line":2},"27":{"name":"complete","decl":{"start":{"line":2,"column":0},"end":{"line":2,"column":31}},"loc":{"start":{"line":2,"column":0},"end":{"line":2,"column":31}},"line":2},"28":{"name":"finish","decl":{"start":{"line":2,"column":0},"end":{"line":2,"column":31}},"loc":{"start":{"line":2,"column":0},"end":{"line":2,"column":31}},"line":2},"29":{"name":"_catch","decl":{"start":{"line":2,"column":0},"end":{"line":2,"column":31}},"loc":{"start":{"line":2,"column":0},"end":{"line":2,"column":31}},"line":2},"30":{"name":"delegateYield","decl":{"start":{"line":2,"column":0},"end":{"line":2,"column":31}},"loc":{"start":{"line":2,"column":0},"end":{"line":2,"column":31}},"line":2},"31":{"name":"asyncGeneratorStep","decl":{"start":{"line":2,"column":0},"end":{"line":2,"column":31}},"loc":{"start":{"line":2,"column":0},"end":{"line":2,"column":31}},"line":2},"32":{"name":"_asyncToGenerator","decl":{"start":{"line":2,"column":0},"end":{"line":2,"column":31}},"loc":{"start":{"line":2,"column":0},"end":{"line":2,"column":31}},"line":2},"33":{"name":"hashPassword","decl":{"start":{"line":4,"column":28},"end":{"line":18,"column":2}},"loc":{"start":{"line":4,"column":28},"end":{"line":18,"column":2}},"line":4},"34":{"name":"comparePassword","decl":{"start":{"line":20,"column":31},"end":{"line":22,"column":2}},"loc":{"start":{"line":20,"column":31},"end":{"line":22,"column":2}},"line":20},"35":{"name":"_callee","decl":{"start":{"line":24,"column":26},"end":{"line":27,"column":5}},"loc":{"start":{"line":24,"column":26},"end":{"line":27,"column":5}},"line":24}},"f":{"0":0,"1":0,"2":13,"3":0,"4":0,"5":0,"6":0,"7":0,"8":0,"9":2,"10":0,"11":0,"12":0,"13":0,"14":0,"15":0,"16":1,"17":0,"18":0,"19":1,"20":0,"21":0,"22":0,"23":0,"24":0,"25":0,"26":0,"27":0,"28":0,"29":0,"30":0,"31":0,"32":1,"33":0,"34":0,"35":0}}
,"/home/ubuntu/Desktop/all-mern-stack/swaggerMernEcommerce/backend/models/user.js": {"path":"/home/ubuntu/Desktop/all-mern-stack/swaggerMernEcommerce/backend/models/user.js","all":false,"statementMap":{"0":{"start":{"line":1,"column":0},"end":{"line":1,"column":32}},"1":{"start":{"line":2,"column":0},"end":{"line":2,"column":28}},"2":{"start":{"line":3,"column":0},"end":{"line":3,"column":0}},"3":{"start":{"line":4,"column":0},"end":{"line":4,"column":30}},"4":{"start":{"line":5,"column":0},"end":{"line":5,"column":3}},"5":{"start":{"line":6,"column":0},"end":{"line":6,"column":11}},"6":{"start":{"line":7,"column":0},"end":{"line":7,"column":19}},"7":{"start":{"line":8,"column":0},"end":{"line":8,"column":17}},"8":{"start":{"line":9,"column":0},"end":{"line":9,"column":21}},"9":{"start":{"line":10,"column":0},"end":{"line":10,"column":6}},"10":{"start":{"line":11,"column":0},"end":{"line":11,"column":12}},"11":{"start":{"line":12,"column":0},"end":{"line":12,"column":19}},"12":{"start":{"line":13,"column":0},"end":{"line":13,"column":17}},"13":{"start":{"line":14,"column":0},"end":{"line":14,"column":21}},"14":{"start":{"line":15,"column":0},"end":{"line":15,"column":19}},"15":{"start":{"line":16,"column":0},"end":{"line":16,"column":6}},"16":{"start":{"line":17,"column":0},"end":{"line":17,"column":15}},"17":{"start":{"line":18,"column":0},"end":{"line":18,"column":19}},"18":{"start":{"line":19,"column":0},"end":{"line":19,"column":21}},"19":{"start":{"line":20,"column":0},"end":{"line":20,"column":13}},"20":{"start":{"line":21,"column":0},"end":{"line":21,"column":14}},"21":{"start":{"line":22,"column":0},"end":{"line":22,"column":6}},"22":{"start":{"line":23,"column":0},"end":{"line":23,"column":14}},"23":{"start":{"line":24,"column":0},"end":{"line":24,"column":19}},"24":{"start":{"line":25,"column":0},"end":{"line":25,"column":17}},"25":{"start":{"line":26,"column":0},"end":{"line":26,"column":6}},"26":{"start":{"line":27,"column":0},"end":{"line":27,"column":11}},"27":{"start":{"line":28,"column":0},"end":{"line":28,"column":19}},"28":{"start":{"line":29,"column":0},"end":{"line":29,"column":17}},"29":{"start":{"line":30,"column":0},"end":{"line":30,"column":6}},"30":{"start":{"line":31,"column":0},"end":{"line":31,"column":4}},"31":{"start":{"line":32,"column":0},"end":{"line":32,"column":22}},"32":{"start":{"line":33,"column":0},"end":{"line":33,"column":2}},"33":{"start":{"line":34,"column":0},"end":{"line":34,"column":0}},"34":{"start":{"line":35,"column":0},"end":{"line":35,"column":50}}},"s":{"0":1,"1":1,"2":1,"3":1,"4":1,"5":1,"6":1,"7":1,"8":1,"9":1,"10":1,"11":1,"12":1,"13":1,"14":1,"15":1,"16":1,"17":1,"18":1,"19":1,"20":1,"21":1,"22":1,"23":1,"24":1,"25":1,"26":1,"27":1,"28":1,"29":1,"30":1,"31":1,"32":1,"33":1,"34":1},"branchMap":{},"b":{},"fnMap":{},"f":{}}
}
